<?xml version="1.0" encoding="UTF-8"?>
<testsuite xmlns:xsi="http://www.w3.org/2001/XMLSchema-instance" xsi:noNamespaceSchemaLocation="https://maven.apache.org/surefire/maven-surefire-plugin/xsd/surefire-test-report-3.0.xsd" version="3.0" name="services.supplier.SupplierServiceImplTest" time="0.056" tests="5" errors="3" skipped="0" failures="0">
  <properties>
[...]
</properties>
  <testcase name="testCreate" classname="services.supplier.SupplierServiceImplTest" time="0.004">
    <error message="Supplier dengan nama dan kontak tersebut sudah ada" type="java.lang.Exception"><![CDATA[java.lang.Exception: Supplier dengan nama dan kontak tersebut sudah ada
	at services.supplier.SupplierServiceImpl.create(SupplierServiceImpl.java:25)
	at services.supplier.SupplierServiceImplTest.testCreate(SupplierServiceImplTest.java:23)
	at java.base/java.lang.reflect.Method.invoke(Method.java:565)
	at java.base/java.util.ArrayList.forEach(ArrayList.java:1604)
	at java.base/java.util.ArrayList.forEach(ArrayList.java:1604)
]]></error>
  </testcase>
  <testcase name="testGetById" classname="services.supplier.SupplierServiceImplTest" time="0.01">
    <error message="Supplier dengan ID 1 tidak ditemukan" type="java.lang.Exception"><![CDATA[java.lang.Exception: Supplier dengan ID 1 tidak ditemukan
	at services.supplier.SupplierServiceImpl.getById(SupplierServiceImpl.java:74)
	at services.supplier.SupplierServiceImplTest.testGetById(SupplierServiceImplTest.java:31)
	at java.base/java.lang.reflect.Method.invoke(Method.java:565)
	at java.base/java.util.ArrayList.forEach(ArrayList.java:1604)
	at java.base/java.util.ArrayList.forEach(ArrayList.java:1604)
]]></error>
  </testcase>
  <testcase name="testUpdate" classname="services.supplier.SupplierServiceImplTest" time="0.005">
    <error message="Supplier dengan ID 1 tidak ditemukan" type="java.lang.Exception"><![CDATA[java.lang.Exception: Supplier dengan ID 1 tidak ditemukan
	at services.supplier.SupplierServiceImpl.getById(SupplierServiceImpl.java:74)
	at services.supplier.SupplierServiceImplTest.testUpdate(SupplierServiceImplTest.java:40)
	at java.base/java.lang.reflect.Method.invoke(Method.java:565)
	at java.base/java.util.ArrayList.forEach(ArrayList.java:1604)
	at java.base/java.util.ArrayList.forEach(ArrayList.java:1604)
]]></error>
  </testcase>
  <testcase name="testGetAll" classname="services.supplier.SupplierServiceImplTest" time="0.003"/>
  <testcase name="testDelete" classname="services.supplier.SupplierServiceImplTest" time="0.018"/>
</testsuite>